#
# There is insufficient memory for the Java Runtime Environment to continue.
# Native memory allocation (malloc) failed to allocate 1048576 bytes for AllocateHeap
# Possible reasons:
#   The system is out of physical RAM or swap space
#   The process is running with CompressedOops enabled, and the Java Heap may be blocking the growth of the native heap
# Possible solutions:
#   Reduce memory load on the system
#   Increase physical memory or swap space
#   Check if swap backing store is full
#   Decrease Java heap size (-Xmx/-Xms)
#   Decrease number of Java threads
#   Decrease Java thread stack sizes (-Xss)
#   Set larger code cache with -XX:ReservedCodeCacheSize=
#   JVM is running with Unscaled Compressed Oops mode in which the Java heap is
#     placed in the first 4GB address space. The Java Heap base address is the
#     maximum limit for the native heap growth. Please use -XX:HeapBaseMinAddress
#     to set the Java Heap base and to place the Java Heap above 4GB virtual address.
# This output file may be truncated or incomplete.
#
#  Out of Memory Error (allocation.cpp:44), pid=49088, tid=44184
#
# JRE version:  (21.0.7+8) (build )
# Java VM: Java HotSpot(TM) 64-Bit Server VM (21.0.7+8-LTS-245, mixed mode, sharing, tiered, compressed oops, compressed class ptrs, g1 gc, windows-amd64)
# No core dump will be written. Minidumps are not enabled by default on client versions of Windows
#

---------------  S U M M A R Y ------------

Command Line: C:\Users\15013\Projects\WMMTRemoteController\Server\node_modules\node-key-sender\jar\key-sender.jar RB

Host: 12th Gen Intel(R) Core(TM) i7-12700H, 20 cores, 15G,  Windows 11 , 64 bit Build 26100 (10.0.26100.7623)
Time: Sun Jan 25 19:39:58 2026 China Standard Time elapsed time: 1.312133 seconds (0d 0h 0m 1s)

---------------  T H R E A D  ---------------

Current thread (0x000001f557635590):  JavaThread "Unknown thread" [_thread_in_vm, id=44184, stack(0x000000be6c000000,0x000000be6c100000) (1024K)]

Stack: [0x000000be6c000000,0x000000be6c100000]
Native frames: (J=compiled Java code, j=interpreted, Vv=VM code, C=native code)
V  [jvm.dll+0x6cae19]
V  [jvm.dll+0x855741]
V  [jvm.dll+0x857c6e]
V  [jvm.dll+0x858343]
V  [jvm.dll+0x27e0b6]
V  [jvm.dll+0xbfa77]
V  [jvm.dll+0x326025]
V  [jvm.dll+0x81eabd]
V  [jvm.dll+0x3bb211]
V  [jvm.dll+0x807d78]
V  [jvm.dll+0x4503ee]
V  [jvm.dll+0x451fe1]
C  [jli.dll+0x52a3]
C  [ucrtbase.dll+0x37b0]
C  [KERNEL32.DLL+0x2e8d7]
C  [ntdll.dll+0x8c53c]


---------------  P R O C E S S  ---------------

Threads class SMR info:
_java_thread_list=0x00007ff9353ecc48, length=0, elements={
}

Java Threads: ( => current thread )
Total: 0

Other Threads:

=>0x000001f557635590 (exited) JavaThread "Unknown thread"    [_thread_in_vm, id=44184, stack(0x000000be6c000000,0x000000be6c100000) (1024K)]
Total: 1

Threads with active compile tasks:
Total: 0

VM state: not at safepoint (not fully initialized)

VM Mutex/Monitor currently owned by a thread: None

Heap address: 0x0000000000000000, size: 0 MB, Compressed Oops mode: 32-bit

CDS archive(s) mapped at: [0x0000000000000000-0x0000000000000000-0x0000000000000000), size 0, SharedBaseAddress: 0x0000000800000000, ArchiveRelocationMode: 1.
Narrow klass base: 0x0000000000000000, Narrow klass shift: 0, Narrow klass range: 0x0

GC Precious Log:
 CardTable entry size: 512
 Card Set container configuration: InlinePtr #cards 4 size 8 Array Of Cards #cards 16 size 48 Howl #buckets 8 coarsen threshold 3686 Howl Bitmap #cards 512 size 80 coarsen threshold 460 Card regions per heap region 1 cards per card region 4096

GC Heap History (0 events):
No events

Dll operation events (1 events):
Event: 0.049 Loaded shared library C:\Program Files\Java\jdk-21\bin\java.dll

Deoptimization events (0 events):
No events

Classes loaded (0 events):
No events

Classes unloaded (0 events):
No events

Classes redefined (0 events):
No events

Internal exceptions (0 events):
No events

ZGC Phase Switch (0 events):
No events

VM Operations (0 events):
No events

Events (0 events):
No events


Dynamic libraries:
0x00007ff6cba00000 - 0x00007ff6cba10000 	C:\Program Files\Java\jdk-21\bin\java.exe
0x00007ffa71c00000 - 0x00007ffa71e67000 	C:\WINDOWS\SYSTEM32\ntdll.dll
0x00007ffa70c40000 - 0x00007ffa70d09000 	C:\WINDOWS\System32\KERNEL32.DLL
0x00007ffa6f4f0000 - 0x00007ffa6f8df000 	C:\WINDOWS\System32\KERNELBASE.dll
0x00007ffa6f2f0000 - 0x00007ffa6f43b000 	C:\WINDOWS\System32\ucrtbase.dll
0x00007ff99d4c0000 - 0x00007ff99d4d9000 	C:\Program Files\Java\jdk-21\bin\jli.dll
0x00007ffa6f9b0000 - 0x00007ffa6fa64000 	C:\WINDOWS\System32\ADVAPI32.dll
0x00007ffa716c0000 - 0x00007ffa71769000 	C:\WINDOWS\System32\msvcrt.dll
0x00007ffa711a0000 - 0x00007ffa71246000 	C:\WINDOWS\System32\sechost.dll
0x00007ffa71770000 - 0x00007ffa71888000 	C:\WINDOWS\System32\RPCRT4.dll
0x00007ffa71250000 - 0x00007ffa71415000 	C:\WINDOWS\System32\USER32.dll
0x00007ffa6ef90000 - 0x00007ffa6efb7000 	C:\WINDOWS\System32\win32u.dll
0x00007ffa70c10000 - 0x00007ffa70c3b000 	C:\WINDOWS\System32\GDI32.dll
0x00007ff9f58e0000 - 0x00007ff9f58fb000 	C:\Program Files\Java\jdk-21\bin\VCRUNTIME140.dll
0x00007ffa6efc0000 - 0x00007ffa6f0ec000 	C:\WINDOWS\System32\gdi32full.dll
0x00007ffa460a0000 - 0x00007ffa46333000 	C:\WINDOWS\WinSxS\amd64_microsoft.windows.common-controls_6595b64144ccf1df_6.0.26100.7309_none_3e05feeae336a044\COMCTL32.dll
0x00007ffa6f8f0000 - 0x00007ffa6f993000 	C:\WINDOWS\System32\msvcp_win.dll
0x00007ffa65ac0000 - 0x00007ffa65acb000 	C:\WINDOWS\SYSTEM32\VERSION.dll
0x00007ffa70380000 - 0x00007ffa703b1000 	C:\WINDOWS\System32\IMM32.DLL
0x00007ffa5ff90000 - 0x00007ffa5ff9c000 	C:\Program Files\Java\jdk-21\bin\vcruntime140_1.dll
0x00007ff94b1f0000 - 0x00007ff94b27e000 	C:\Program Files\Java\jdk-21\bin\msvcp140.dll
0x00007ff934820000 - 0x00007ff93553a000 	C:\Program Files\Java\jdk-21\bin\server\jvm.dll
0x00007ffa71a30000 - 0x00007ffa71aa4000 	C:\WINDOWS\System32\WS2_32.dll
0x00007ffa6ea00000 - 0x00007ffa6ea5e000 	C:\WINDOWS\SYSTEM32\POWRPROF.dll
0x00007ffa5b4a0000 - 0x00007ffa5b4d5000 	C:\WINDOWS\SYSTEM32\WINMM.dll
0x00007ffa6e9e0000 - 0x00007ffa6e9f4000 	C:\WINDOWS\SYSTEM32\UMPDC.dll
0x00007ffa6dac0000 - 0x00007ffa6dadb000 	C:\WINDOWS\SYSTEM32\kernel.appcore.dll
0x00007ffa32660000 - 0x00007ffa3266a000 	C:\Program Files\Java\jdk-21\bin\jimage.dll
0x00007ffa6bf80000 - 0x00007ffa6c1c2000 	C:\WINDOWS\SYSTEM32\DBGHELP.DLL
0x00007ffa70d10000 - 0x00007ffa71096000 	C:\WINDOWS\System32\combase.dll
0x00007ffa703c0000 - 0x00007ffa70496000 	C:\WINDOWS\System32\OLEAUT32.dll
0x00007ffa4f400000 - 0x00007ffa4f43c000 	C:\WINDOWS\SYSTEM32\dbgcore.DLL
0x00007ffa6f440000 - 0x00007ffa6f4e5000 	C:\WINDOWS\System32\bcryptPrimitives.dll
0x00007ff964f90000 - 0x00007ff964faf000 	C:\Program Files\Java\jdk-21\bin\java.dll

dbghelp: loaded successfully - version: 4.0.5 - missing functions: none
symbol engine: initialized successfully - sym options: 0x614 - pdb path: .;C:\Program Files\Java\jdk-21\bin;C:\WINDOWS\SYSTEM32;C:\WINDOWS\WinSxS\amd64_microsoft.windows.common-controls_6595b64144ccf1df_6.0.26100.7309_none_3e05feeae336a044;C:\Program Files\Java\jdk-21\bin\server

VM Arguments:
java_command: C:\Users\15013\Projects\WMMTRemoteController\Server\node_modules\node-key-sender\jar\key-sender.jar RB
java_class_path (initial): C:\Users\15013\Projects\WMMTRemoteController\Server\node_modules\node-key-sender\jar\key-sender.jar
Launcher Type: SUN_STANDARD

[Global flags]
     intx CICompilerCount                          = 12                                        {product} {ergonomic}
     uint ConcGCThreads                            = 4                                         {product} {ergonomic}
     uint G1ConcRefinementThreads                  = 15                                        {product} {ergonomic}
   size_t G1HeapRegionSize                         = 2097152                                   {product} {ergonomic}
    uintx GCDrainStackTargetSize                   = 64                                        {product} {ergonomic}
   size_t InitialHeapSize                          = 264241152                                 {product} {ergonomic}
   size_t MarkStackSize                            = 4194304                                   {product} {ergonomic}
   size_t MaxHeapSize                              = 4196401152                                {product} {ergonomic}
   size_t MinHeapDeltaBytes                        = 2097152                                   {product} {ergonomic}
   size_t MinHeapSize                              = 8388608                                   {product} {ergonomic}
    uintx NonNMethodCodeHeapSize                   = 7602480                                {pd product} {ergonomic}
    uintx NonProfiledCodeHeapSize                  = 122027880                              {pd product} {ergonomic}
    uintx ProfiledCodeHeapSize                     = 122027880                              {pd product} {ergonomic}
    uintx ReservedCodeCacheSize                    = 251658240                              {pd product} {ergonomic}
     bool SegmentedCodeCache                       = true                                      {product} {ergonomic}
   size_t SoftMaxHeapSize                          = 4196401152                             {manageable} {ergonomic}
     bool UseCompressedOops                        = true                           {product lp64_product} {ergonomic}
     bool UseG1GC                                  = true                                      {product} {ergonomic}
     bool UseLargePagesIndividualAllocation        = false                                  {pd product} {ergonomic}

Logging:
Log output configuration:
 #0: stdout all=warning uptime,level,tags foldmultilines=false
 #1: stderr all=off uptime,level,tags foldmultilines=false

Environment Variables:
PATH=C:\Users\15013\Projects\WMMTRemoteController\Server\node_modules\.bin;C:\Users\15013\Projects\WMMTRemoteController\node_modules\.bin;C:\Users\15013\Projects\node_modules\.bin;C:\Users\15013\node_modules\.bin;C:\Users\node_modules\.bin;C:\node_modules\.bin;C:\Program Files\nodejs\node_modules\npm\node_modules\@npmcli\run-script\lib\node-gyp-bin;c:\\Users\\15013\\.trae-cn\\sdks\\workspaces\\a83a881b\\versions\\node\\current;c:\\Users\\15013\\.trae-cn\\sdks\\versions\\node\\current;c:\Users\15013\.trae-cn\sdks\workspaces\a83a881b\versions\node\current;c:\Users\15013\.trae-cn\sdks\versions\node\current;C:\Python314\Scripts\;C:\Python314\;C:\Python27\;C:\Python27\Scripts;C:\Python313\Scripts\;C:\Python313\;C:\Program Files\Common Files\Oracle\Java\javapath;C:\Program Files (x86)\VMware\VMware Workstation\bin\;C:\WINDOWS\system32;C:\WINDOWS;C:\WINDOWS\System32\Wbem;C:\WINDOWS\System32\WindowsPowerShell\v1.0\;C:\WINDOWS\System32\OpenSSH\;C:\Program Files\NVIDIA Corporation\NVIDIA App\NvDLISR;C:\Program Files (x86)\NVIDIA Corporation\PhysX\Common;C:\Program Files\Git\cmd;C:\Program Files\dotnet\;C:\Program Files\nodejs\;C:\ProgramData\chocolatey\bin;C:\Program Files\MySQL\MySQL Utilities 1.6\;C:\Program Files\nodejs\node_modules\npm\bin;C:\Program Files (x86)\GtkSharp\2.12\bin;C:\Program Files\Microsoft SQL Server\110\Tools\Binn\;C:\Program Files\Docker\Docker\resources\bin;C:\Program Files\CMake\bin;C:\Program Files (x86)\Windows Kits\10\Windows Performance Toolkit\;C:\Program Files (x86)\ZeroTier\One\;C:\Users\15013\.cargo\bin;C:\Users\15013\AppData\Local\Programs\Python\Python37\Scripts\;C:\Users\15013\AppData\Local\Programs\Python\Python37\;C:\Users\15013\AppData\Local\Programs\Python\Python38\Scripts\;C:\Users\15013\AppData\Local\Programs\Python\Python38\;C:\Cocos\Cocos2d-x\Cocos2d-x-3.10\templates;C:\Cocos\Cocos2d-x\Cocos2d-x-3.10\tools\cocos2d-console\bin;\cocos2d-x-3.17\templates;C:\Program Files\MySQL\MySQL Shell 9.3\bin\;C:\Users\15013\AppData\Local\Microsoft\WindowsApps;C:\Users\15013\AppData\Local\JetBrains\Toolbox\scripts;C:\Users\15013\AppData\Local\Programs\Microsoft VS Code\bin;C:\Users\15013\.dotnet\tools;C:\Program Files (x86)\Mozilla Firefox;C:\Applications\lua;C:\Users\15013\AppData\Local\Android\Sdk\platform-tools;C:\Users\15013\AppData\Roaming\Python\Python313\Scripts;C:\Users\15013\.local\bin;C:\Users\15013\.lmstudio\bin;C:\Applications\OpenSSL-1.1.1h_win32;C:\Program Files\qemu;C:\Users\15013\AppData\Local\PowerToys\;C:\Users\15013\AppData\Local\Programs\Lingma\bin;C:\Applications\mingw64\bin;C:\Applications\MOC3_Consistency_Checker_1.00.04_Win;C:\Program Files\mitmproxy\bin;C:\Users\15013\AppData\Local\Microsoft\WinGet\Packages\Ninja-build.Ninja_Microsoft.Winget.Source_8wekyb3d8bbwe;C:\Users\15013\.dotnet\tools;C:\Program Files (x86)\Lua\5.1;C:\Users\15013\AppData\Local\Microsoft\WinGet\Packages\ezwinports.make_Microsoft.Winget.Source_8wekyb3d8bbwe\bin;C:\Users\15013\AppData\Local\Microsoft\WinGet\Packages\cURL.cURL_Microsoft.Winget.Source_8wekyb3d8bbwe\curl-8.18.0_1-win64-mingw/bin
USERNAME=15013
LANG=zh_CN.UTF-8
OS=Windows_NT
PROCESSOR_IDENTIFIER=Intel64 Family 6 Model 154 Stepping 3, GenuineIntel
TMP=C:\Users\15013\AppData\Local\Temp
TEMP=C:\Users\15013\AppData\Local\Temp




Periodic native trim disabled

---------------  S Y S T E M  ---------------

OS:
 Windows 11 , 64 bit Build 26100 (10.0.26100.7623)
OS uptime: 0 days 3:18 hours
Hyper-V role detected

CPU: total 20 (initial active 20) (10 cores per cpu, 2 threads per core) family 6 model 154 stepping 3 microcode 0x429, cx8, cmov, fxsr, ht, mmx, 3dnowpref, sse, sse2, sse3, ssse3, sse4.1, sse4.2, popcnt, lzcnt, tsc, tscinvbit, avx, avx2, aes, erms, clmul, bmi1, bmi2, adx, sha, fma, vzeroupper, clflush, clflushopt, clwb, hv, serialize, rdtscp, rdpid, fsrm, f16c, cet_ibt, cet_ss
Processor Information for all 20 processors :
  Max Mhz: 2300, Current Mhz: 2300, Mhz Limit: 2300

Memory: 4k page, system-wide physical 16004M (1426M free)
TotalPageFile size 44124M (AvailPageFile size 122M)
current process WorkingSet (physical memory assigned to process): 12M, peak: 12M
current process commit charge ("private bytes"): 23M, peak: 24M

vm_info: Java HotSpot(TM) 64-Bit Server VM (21.0.7+8-LTS-245) for windows-amd64 JRE (21.0.7+8-LTS-245), built on 2025-02-21T05:11:27Z by "mach5one" with MS VC++ 17.6 (VS2022)

END.
